<?xml version="1.0" encoding="UTF-8"?>
<!-- Generated by org.testng.reporters.JUnitXMLReporter -->
<testsuite hostname="LAPTOP-8VD40C3U" ignored="0" name="Default test" tests="4" failures="0" timestamp="28 Sep 2020 06:52:28 GMT" time="31.425" errors="0">
  <testcase name="testdata" time="10.968" classname="com.practime.practiDemo.DatadrivenDemo1"/>
  <testcase name="testdata" time="6.556" classname="com.practime.practiDemo.DatadrivenDemo1"/>
  <testcase name="testdata" time="6.416" classname="com.practime.practiDemo.DatadrivenDemo1"/>
  <testcase name="testdata" time="6.629" classname="com.practime.practiDemo.DatadrivenDemo1"/>
</testsuite> <!-- Default test -->
